#1 [internal] load build definition from app-liquibase.Dockerfile
#1 sha256:58f57842429f9945d5b0129b16234e5f2c85bf34709f6f686631d32c07027085
#1 transferring dockerfile: 434B 0.0s done
#1 DONE 0.0s

#2 [internal] load .dockerignore
#2 sha256:6d4850bbdd8c874ff605a1d22cf5848fc65b9e224153a5bf1a4a10b2affab193
#2 transferring context: 35B done
#2 DONE 0.0s

#3 [internal] load metadata for docker.io/liquibase/liquibase:4.9.1
#3 sha256:b0c256dff2d96925731f3cd033b2e679e8ea622c109c7f2bc4ed1d93df987671
#3 DONE 1.4s

#4 [1/3] FROM docker.io/liquibase/liquibase:4.9.1@sha256:16e112663aea78dfe88aa4898eabaac22148fd8494d48f46b766d9d4374bfd80
#4 sha256:b5a2bc86d2cb75baa8e8fd469865e4cd0b1a3fb437afacd5e2f7f112418a8455
#4 DONE 0.0s

#5 [internal] load build context
#5 sha256:d197dbe2a0c697c07522beb9235d8b4d3aad6a605433a30b03ff1188fa7de45e
#5 transferring context: 16.20kB 0.1s done
#5 DONE 0.1s

#4 [1/3] FROM docker.io/liquibase/liquibase:4.9.1@sha256:16e112663aea78dfe88aa4898eabaac22148fd8494d48f46b766d9d4374bfd80
#4 sha256:b5a2bc86d2cb75baa8e8fd469865e4cd0b1a3fb437afacd5e2f7f112418a8455
#4 CACHED

#6 [2/3] COPY ./db/liquibase/changelog/. /liquibase/changelog/
#6 sha256:0d170c100ab02a2f138aff2d0afe7f2672c5044476515d22fec1c1fe4a5dce83
#6 DONE 0.2s

#7 [3/3] COPY ./db/sql /sql
#7 sha256:f61788183bacae9a525bce10fe7a1f5746918f657cd804d3dd64a69bcc9137ec
#7 DONE 0.1s

#8 exporting to image
#8 sha256:e8c613e07b0b7ff33893b694f7759a10d42e180f2b4dc349fb57dc6b71dcab00
#8 exporting layers 0.1s done
#8 writing image sha256:f56083d1daec566bfbd358ef90ffd4d74fb5474a91e80e3792b8440de2a4906b
#8 writing image sha256:f56083d1daec566bfbd358ef90ffd4d74fb5474a91e80e3792b8440de2a4906b done
#8 naming to docker.io/romapres2010/app-liquibase:2.0.1 done
#8 DONE 0.3s
